[NotebookApp | WARNING] No nbgrader_config.py file found (rerun with --debug to see where nbgrader is looking)
[NotebookApp | INFO] Loading the validate_assignment nbgrader serverextension
[NotebookApp | INFO] Serving notebooks from local directory: /media/zero/data1/projects/ongoing/rot-coder
[NotebookApp | INFO] 0 active kernels
[NotebookApp | INFO] The Jupyter Notebook is running at:
[NotebookApp | INFO] http://localhost:8888/?token=d4951bab1f288931f2db28925d173eb29bb4f513f6053ea5
[NotebookApp | INFO] Use Control-C to stop this server and shut down all kernels (twice to skip confirmation).
[NotebookApp | CRITICAL] 
    
    Copy/paste this URL into your browser when you connect for the first time,
    to login with a token:
        http://localhost:8888/?token=d4951bab1f288931f2db28925d173eb29bb4f513f6053ea5
[NotebookApp | INFO] Accepting one-time-token-authenticated connection from 127.0.0.1
[NotebookApp | INFO] Creating new notebook in 
[NotebookApp | INFO] Kernel started: 6618d823-3579-48ee-8d6f-2c2028ddd63b
[NotebookApp | INFO] Adapting to protocol v5.1 for kernel 6618d823-3579-48ee-8d6f-2c2028ddd63b
[NotebookApp | INFO] Kernel interrupted: 6618d823-3579-48ee-8d6f-2c2028ddd63b
[NotebookApp | INFO] Saving file at /mnist keras.ipynb
[NotebookApp | INFO] Saving file at /mnist keras.ipynb
[NotebookApp | INFO] Saving file at /mnist keras.ipynb
[NotebookApp | INFO] interrupted
[NotebookApp | CRITICAL] Shutdown confirmed
[NotebookApp | INFO] Shutting down 1 kernel
[NotebookApp | INFO] Kernel shutdown: 6618d823-3579-48ee-8d6f-2c2028ddd63b
[NotebookApp | WARNING] No nbgrader_config.py file found (rerun with --debug to see where nbgrader is looking)
[NotebookApp | INFO] Loading the validate_assignment nbgrader serverextension
[NotebookApp | INFO] Serving notebooks from local directory: /media/zero/data1/projects/ongoing/rot-coder
[NotebookApp | INFO] 0 active kernels
[NotebookApp | INFO] The Jupyter Notebook is running at:
[NotebookApp | INFO] http://localhost:8888/?token=ac9ea064f59fbc01a3ae818f6a259c73461ea5d4ff6d3445
[NotebookApp | INFO] Use Control-C to stop this server and shut down all kernels (twice to skip confirmation).
[NotebookApp | CRITICAL] 
    
    Copy/paste this URL into your browser when you connect for the first time,
    to login with a token:
        http://localhost:8888/?token=ac9ea064f59fbc01a3ae818f6a259c73461ea5d4ff6d3445
[NotebookApp | WARNING] 404 GET /api/kernels/6618d823-3579-48ee-8d6f-2c2028ddd63b/channels?session_id=5c7748e2a16d415c84cce2faf1235641 (127.0.0.1): Kernel does not exist: 6618d823-3579-48ee-8d6f-2c2028ddd63b
[NotebookApp | WARNING] 404 GET /api/kernels/6618d823-3579-48ee-8d6f-2c2028ddd63b/channels?session_id=5c7748e2a16d415c84cce2faf1235641 (127.0.0.1) 90.31ms referer=None
[NotebookApp | INFO] Kernel started: 7f76b60c-44dc-4cf5-9b00-ac75337d5e9c
[NotebookApp | WARNING] Timeout waiting for kernel_info reply from 7f76b60c-44dc-4cf5-9b00-ac75337d5e9c
[NotebookApp | WARNING] 404 GET /static/components/preact/preact.min.js.map (127.0.0.1) 3.31ms referer=None
[NotebookApp | WARNING] 404 GET /static/components/proptypes/index.js.map (127.0.0.1) 4.56ms referer=None
[NotebookApp | WARNING] 404 GET /static/components/preact-compat/preact-compat.min.js.map (127.0.0.1) 2.48ms referer=None
[NotebookApp | INFO] interrupted
[NotebookApp | CRITICAL] Shutdown confirmed
[NotebookApp | INFO] Shutting down 1 kernel
[NotebookApp | INFO] Kernel shutdown: 7f76b60c-44dc-4cf5-9b00-ac75337d5e9c
[NotebookApp | WARNING] No nbgrader_config.py file found (rerun with --debug to see where nbgrader is looking)
[NotebookApp | INFO] Loading the validate_assignment nbgrader serverextension
[NotebookApp | INFO] Serving notebooks from local directory: /media/zero/data1/projects/ongoing/rot-coder
[NotebookApp | INFO] 0 active kernels
[NotebookApp | INFO] The Jupyter Notebook is running at:
[NotebookApp | INFO] http://localhost:8888/?token=159e664a0f901dd2102efcbed306e7f6503e93ec13cdbf19
[NotebookApp | INFO] Use Control-C to stop this server and shut down all kernels (twice to skip confirmation).
[NotebookApp | CRITICAL] 
    
    Copy/paste this URL into your browser when you connect for the first time,
    to login with a token:
        http://localhost:8888/?token=159e664a0f901dd2102efcbed306e7f6503e93ec13cdbf19
[NotebookApp | INFO] Accepting one-time-token-authenticated connection from 127.0.0.1
[NotebookApp | INFO] Kernel started: 83d88306-97d8-4e2a-89e4-34eaa0091283
[NotebookApp | INFO] Adapting to protocol v5.1 for kernel 83d88306-97d8-4e2a-89e4-34eaa0091283
[NotebookApp | INFO] Kernel interrupted: 83d88306-97d8-4e2a-89e4-34eaa0091283
[NotebookApp | INFO] Saving file at /mnist keras.ipynb
[NotebookApp | INFO] Creating new notebook in 
[NotebookApp | INFO] Kernel started: 03f4da60-536a-407f-a133-ed0158030c38
[NotebookApp | INFO] Adapting to protocol v5.1 for kernel 03f4da60-536a-407f-a133-ed0158030c38
[NotebookApp | INFO] Saving file at /Untitled.ipynb
[NotebookApp | INFO] Saving file at /Untitled.ipynb
[NotebookApp | INFO] Saving file at /Untitled.ipynb
[NotebookApp | INFO] Saving file at /Untitled.ipynb
[NotebookApp | INFO] Kernel started: 7d5d6bce-9c1f-45c6-80c3-02fcf0912214
[NotebookApp | WARNING] No nbgrader_config.py file found (rerun with --debug to see where nbgrader is looking)
[NotebookApp | INFO] Loading the validate_assignment nbgrader serverextension
[NotebookApp | INFO] Serving notebooks from local directory: /media/zero/data1/projects/ongoing/rot-coder
[NotebookApp | INFO] 0 active kernels
[NotebookApp | INFO] The Jupyter Notebook is running at:
[NotebookApp | INFO] http://localhost:8889/?token=74c38e469e2f0d9cecb2db23bbec0b3b1c1d884d32f5448d
[NotebookApp | INFO] Use Control-C to stop this server and shut down all kernels (twice to skip confirmation).
[NotebookApp | CRITICAL] 
    
    Copy/paste this URL into your browser when you connect for the first time,
    to login with a token:
        http://localhost:8889/?token=74c38e469e2f0d9cecb2db23bbec0b3b1c1d884d32f5448d
[NotebookApp | INFO] Adapting to protocol v5.1 for kernel 7d5d6bce-9c1f-45c6-80c3-02fcf0912214
[NotebookApp | INFO] Starting buffering for 83d88306-97d8-4e2a-89e4-34eaa0091283:15097853a2c64b0b9c09f12d9a1adb5e
[NotebookApp | INFO] Starting buffering for 03f4da60-536a-407f-a133-ed0158030c38:194b1b432a6d466395ad2e4e3faebe81
[NotebookApp | WARNING] No nbgrader_config.py file found (rerun with --debug to see where nbgrader is looking)
[NotebookApp | INFO] Loading the validate_assignment nbgrader serverextension
[NotebookApp | INFO] Serving notebooks from local directory: /media/zero/data1/projects/ongoing/rot-coder
[NotebookApp | INFO] 0 active kernels
[NotebookApp | INFO] The Jupyter Notebook is running at:
[NotebookApp | INFO] http://localhost:8888/?token=5243c91594ecb146c062fa7cdfa69020c0679d831d3041cc
[NotebookApp | INFO] Use Control-C to stop this server and shut down all kernels (twice to skip confirmation).
[NotebookApp | CRITICAL] 
    
    Copy/paste this URL into your browser when you connect for the first time,
    to login with a token:
        http://localhost:8888/?token=5243c91594ecb146c062fa7cdfa69020c0679d831d3041cc
[NotebookApp | CRITICAL] received signal 15, stopping
[NotebookApp | INFO] Shutting down 0 kernels
[NotebookApp | WARNING] No nbgrader_config.py file found (rerun with --debug to see where nbgrader is looking)
[NotebookApp | INFO] Loading the validate_assignment nbgrader serverextension
[NotebookApp | INFO] Serving notebooks from local directory: /media/zero/data1/projects/ongoing/rot-coder
[NotebookApp | INFO] 0 active kernels
[NotebookApp | INFO] The Jupyter Notebook is running at:
[NotebookApp | INFO] http://localhost:8888/?token=c78cc935130c4db7ad246a6101bf62a99eacb6381d7c55de
[NotebookApp | INFO] Use Control-C to stop this server and shut down all kernels (twice to skip confirmation).
[NotebookApp | CRITICAL] 
    
    Copy/paste this URL into your browser when you connect for the first time,
    to login with a token:
        http://localhost:8888/?token=c78cc935130c4db7ad246a6101bf62a99eacb6381d7c55de
